2024-07-25 09:06:04;error;Erro ao enviar socios: => Resultado do cadastro {
  status: 500,
  message: 'javax.persistence.PersistenceException: org.hibernate.exception.ConstraintViolationException: could not execute statement'
};{"service":"IntegracaoBancos"}
2024-07-25 09:06:04;error;Erro ao enviar socios: => Resultado do cadastro {
  status: 500,
  message: 'javax.persistence.PersistenceException: org.hibernate.exception.ConstraintViolationException: could not execute statement'
};{"service":"IntegracaoBancos"}
2024-07-25 09:06:05;error;Erro ao enviar socios: => Resultado do cadastro {
  status: 500,
  message: 'javax.persistence.PersistenceException: org.hibernate.exception.ConstraintViolationException: could not execute statement'
};{"service":"IntegracaoBancos"}
2024-07-25 09:06:05;error;Erro ao enviar socios: => Resultado do cadastro {
  status: 500,
  message: 'javax.persistence.PersistenceException: org.hibernate.exception.ConstraintViolationException: could not execute statement'
};{"service":"IntegracaoBancos"}
2024-07-25 09:06:05;error;Erro ao enviar socios: => Resultado do cadastro {
  status: 500,
  message: 'javax.persistence.PersistenceException: org.hibernate.exception.ConstraintViolationException: could not execute statement'
};{"service":"IntegracaoBancos"}
2024-07-25 09:13:39;error;Erro ao cadastrar cliente: ANA CRISTINA GOUVEIA MACEDA => Resultado do cadastro Erro na chamada do serviço incluirPessoa, com a seguinte mensagem: O CNPJ informado já existe na base de dados.;{"service":"IntegracaoBancos"}
2024-07-25 09:13:39;error;Erro ao cadastrar cliente: 44.490.389 LUAN PATRICK DA SILVA => Resultado do cadastro Erro na chamada do serviço incluirPessoa, com a seguinte mensagem: O CNPJ informado já existe na base de dados.;{"service":"IntegracaoBancos"}
2024-07-25 09:13:40;error;Erro ao cadastrar cliente: REGILVAN PEREIRA MOTA 62183982187 => Resultado do cadastro Erro na chamada do serviço incluirPessoa, com a seguinte mensagem: O CNPJ informado já existe na base de dados.;{"service":"IntegracaoBancos"}
2024-07-25 09:13:40;error;Erro ao cadastrar cliente: 51.436.011 RAFAELA DAIANE DE SOUZA MION => Resultado do cadastro Erro na chamada do serviço incluirPessoa, com a seguinte mensagem: O CNPJ informado já existe na base de dados.;{"service":"IntegracaoBancos"}
2024-07-25 09:13:40;error;Erro ao cadastrar cliente: CONTABILIDADE EXATA EIRELI => Resultado do cadastro Erro na chamada do serviço incluirPessoa, com a seguinte mensagem: O CNPJ informado já existe na base de dados.;{"service":"IntegracaoBancos"}
2024-07-25 09:28:28;error;Erro ao cadastrar cliente: 16.747.070 CAMILA DA SILVA BELTRAME => Resultado do cadastro Erro na chamada do serviço incluirPessoa, com a seguinte mensagem: O CNPJ informado já existe na base de dados.;{"service":"IntegracaoBancos"}
2024-07-25 09:29:33;error;Erro ao enviar endereço: {
  siglaTipoEndereco: 'CORRESPONDENCIA',
  codigoCliente: undefined,
  codigoUnidade: 1,
  nomeCidade: 'Cuiabá',
  codigoCep: '78050243',
  numeroEndereco: '04',
  nomeLogradouro: 'Rua V',
  nomeBairro: 'Jardim Aclimação',
  siglaUf: 'MT'
} => Resultado do cadastro {
  error: 'RESTEASY003650: No resource method found for PUT, return 405 with Allow header'
};{"service":"IntegracaoBancos"}
2024-07-25 09:30:11;error;Erro ao enviar endereço: {
  siglaTipoEndereco: 'CORRESPONDENCIA',
  codigoCliente: undefined,
  codigoUnidade: 1,
  nomeCidade: 'Cuiabá',
  codigoCep: '78050243',
  numeroEndereco: '04',
  nomeLogradouro: 'Rua V',
  nomeBairro: 'Jardim Aclimação',
  siglaUf: 'MT'
} => Resultado do cadastro {
  error: 'RESTEASY003650: No resource method found for PUT, return 405 with Allow header'
};{"service":"IntegracaoBancos"}
2024-07-25 09:31:04;error;Erro ao enviar endereço: {
  siglaTipoEndereco: 'CORRESPONDENCIA',
  codigoCliente: undefined,
  codigoUnidade: 1,
  nomeCidade: 'Cuiabá',
  codigoCep: '78050243',
  numeroEndereco: '04',
  nomeLogradouro: 'Rua V',
  nomeBairro: 'Jardim Aclimação',
  siglaUf: 'MT'
} => Resultado do cadastro {
  error: 'RESTEASY003650: No resource method found for PUT, return 405 with Allow header'
};{"service":"IntegracaoBancos"}
2024-07-25 09:32:07;error;Erro ao enviar socios: => Resultado do cadastro {
  status: 500,
  message: 'javax.persistence.PersistenceException: org.hibernate.exception.ConstraintViolationException: could not execute statement'
};{"service":"IntegracaoBancos"}
2024-07-25 10:01:07;error;Erro ao cadastrar cliente: ANA CRISTINA GOUVEIA MACEDA => Resultado do cadastro Erro na chamada do serviço incluirPessoa, com a seguinte mensagem: O CNPJ informado já existe na base de dados.;{"service":"IntegracaoBancos"}
2024-07-25 10:01:07;error;Erro ao cadastrar cliente: 44.490.389 LUAN PATRICK DA SILVA => Resultado do cadastro Erro na chamada do serviço incluirPessoa, com a seguinte mensagem: O CNPJ informado já existe na base de dados.;{"service":"IntegracaoBancos"}
2024-07-25 10:01:07;error;Erro ao cadastrar cliente: REGILVAN PEREIRA MOTA 62183982187 => Resultado do cadastro Erro na chamada do serviço incluirPessoa, com a seguinte mensagem: O CNPJ informado já existe na base de dados.;{"service":"IntegracaoBancos"}
2024-07-25 10:01:08;error;Erro ao cadastrar cliente: 51.436.011 RAFAELA DAIANE DE SOUZA MION => Resultado do cadastro Erro na chamada do serviço incluirPessoa, com a seguinte mensagem: O CNPJ informado já existe na base de dados.;{"service":"IntegracaoBancos"}
2024-07-25 10:01:08;error;Erro ao cadastrar cliente: CONTABILIDADE EXATA EIRELI => Resultado do cadastro Erro na chamada do serviço incluirPessoa, com a seguinte mensagem: O CNPJ informado já existe na base de dados.;{"service":"IntegracaoBancos"}
2024-07-25 10:09:43;error;Erro ao cadastrar cliente: ANA CRISTINA GOUVEIA MACEDA => Resultado do cadastro Erro na chamada do serviço incluirPessoa, com a seguinte mensagem: O CNPJ informado já existe na base de dados.;{"service":"IntegracaoBancos"}
2024-07-25 10:09:44;error;Erro ao cadastrar cliente: 44.490.389 LUAN PATRICK DA SILVA => Resultado do cadastro Erro na chamada do serviço incluirPessoa, com a seguinte mensagem: O CNPJ informado já existe na base de dados.;{"service":"IntegracaoBancos"}
2024-07-25 10:09:44;error;Erro ao cadastrar cliente: REGILVAN PEREIRA MOTA 62183982187 => Resultado do cadastro Erro na chamada do serviço incluirPessoa, com a seguinte mensagem: O CNPJ informado já existe na base de dados.;{"service":"IntegracaoBancos"}
2024-07-25 10:09:44;error;Erro ao cadastrar cliente: 51.436.011 RAFAELA DAIANE DE SOUZA MION => Resultado do cadastro Erro na chamada do serviço incluirPessoa, com a seguinte mensagem: O CNPJ informado já existe na base de dados.;{"service":"IntegracaoBancos"}
2024-07-25 10:09:45;error;Erro ao cadastrar cliente: CONTABILIDADE EXATA EIRELI => Resultado do cadastro Erro na chamada do serviço incluirPessoa, com a seguinte mensagem: O CNPJ informado já existe na base de dados.;{"service":"IntegracaoBancos"}
2024-07-25 10:11:40;error;Erro ao enviar socios: => Resultado do cadastro {
  status: 500,
  message: 'javax.persistence.PersistenceException: org.hibernate.exception.ConstraintViolationException: could not execute statement'
};{"service":"IntegracaoBancos"}
2024-07-25 10:14:04;error;Erro ao cadastrar cliente: 36.199.401 GUILLERMO ROLON RODRIGUEZ => Resultado do cadastro Erro na chamada do serviço incluirPessoa, com a seguinte mensagem: O CNPJ informado já existe na base de dados.;{"service":"IntegracaoBancos"}
2024-07-25 10:14:08;error;Erro ao atualizar cliente: 36.199.401 GUILLERMO ROLON RODRIGUEZ com o cnpj 36199401000160 => Resultado do cadastro Erro na chamada do serviço alterarPessoa, com a seguinte mensagem: javax.transaction.RollbackException: ARJUNA016053: Could not commit transaction.;{"service":"IntegracaoBancos"}
2024-07-25 10:14:11;error;Erro ao enviar socios: => Resultado do cadastro {
  status: 500,
  message: 'javax.persistence.PersistenceException: org.hibernate.exception.ConstraintViolationException: could not execute statement'
};{"service":"IntegracaoBancos"}
2024-07-25 10:14:11;error;Erro ao enviar socios: => Resultado do cadastro {
  status: 500,
  message: 'javax.persistence.PersistenceException: org.hibernate.exception.ConstraintViolationException: could not execute statement'
};{"service":"IntegracaoBancos"}
2024-07-25 10:14:11;error;Erro ao enviar socios: => Resultado do cadastro {
  status: 500,
  message: 'javax.persistence.PersistenceException: org.hibernate.exception.ConstraintViolationException: could not execute statement'
};{"service":"IntegracaoBancos"}
2024-07-25 10:14:11;error;Erro ao enviar socios: => Resultado do cadastro {
  status: 500,
  message: 'java.lang.IllegalArgumentException: Código do cliente e número sequencial não foram localizados na tabela t400soci.'
};{"service":"IntegracaoBancos"}
2024-07-25 10:14:11;error;Erro ao enviar socios: => Resultado do cadastro {
  status: 500,
  message: 'javax.persistence.PersistenceException: org.hibernate.exception.ConstraintViolationException: could not execute statement'
};{"service":"IntegracaoBancos"}
2024-07-25 10:14:46;error;Erro ao cadastrar cliente: COMERCIO E INDUSTRIA DE AGUA MINERAL SAPOTI LTDA EPP => Resultado do cadastro Erro na chamada do serviço incluirPessoa, com a seguinte mensagem: O CNPJ informado já existe na base de dados.;{"service":"IntegracaoBancos"}
2024-07-25 10:14:53;error;Erro ao atualizar cliente: COMERCIO E INDUSTRIA DE AGUA MINERAL SAPOTI LTDA EPP com o cnpj 10400169000192 => Resultado do cadastro Erro na chamada do serviço alterarPessoa, com a seguinte mensagem: javax.transaction.RollbackException: ARJUNA016053: Could not commit transaction.;{"service":"IntegracaoBancos"}
2024-07-25 10:14:54;error;Erro ao enviar Contato: => Resultado do cadastro {
  status: 500,
  message: 'java.lang.IllegalArgumentException: Código do cliente e número sequencial não foram localizados na tabela t400fcon.'
};{"service":"IntegracaoBancos"}
2024-07-25 10:14:54;error;Erro ao enviar Contato: => Resultado do cadastro {
  status: 500,
  message: 'java.lang.IllegalArgumentException: Código do cliente e número sequencial não foram localizados na tabela t400fcon.'
};{"service":"IntegracaoBancos"}
2024-07-25 10:14:54;error;Erro ao enviar Contato: => Resultado do cadastro {
  status: 500,
  message: 'java.lang.IllegalArgumentException: Código do cliente e número sequencial não foram localizados na tabela t400fcon.'
};{"service":"IntegracaoBancos"}
2024-07-25 10:14:57;error;Erro ao enviar socios: => Resultado do cadastro {
  status: 500,
  message: 'javax.persistence.PersistenceException: org.hibernate.exception.ConstraintViolationException: could not execute statement'
};{"service":"IntegracaoBancos"}
2024-07-25 10:14:57;error;Erro ao enviar socios: => Resultado do cadastro {
  status: 500,
  message: 'javax.persistence.PersistenceException: org.hibernate.exception.ConstraintViolationException: could not execute statement'
};{"service":"IntegracaoBancos"}
2024-07-25 10:14:57;error;Erro ao enviar socios: => Resultado do cadastro {
  status: 500,
  message: 'javax.persistence.PersistenceException: org.hibernate.exception.ConstraintViolationException: could not execute statement'
};{"service":"IntegracaoBancos"}
2024-07-25 10:14:57;error;Erro ao enviar socios: => Resultado do cadastro {
  status: 500,
  message: 'javax.persistence.PersistenceException: org.hibernate.exception.ConstraintViolationException: could not execute statement'
};{"service":"IntegracaoBancos"}
2024-07-25 10:14:58;error;Erro ao enviar socios: => Resultado do cadastro {
  status: 500,
  message: 'javax.persistence.PersistenceException: org.hibernate.exception.ConstraintViolationException: could not execute statement'
};{"service":"IntegracaoBancos"}
2024-07-25 10:14:58;error;Erro ao enviar socios: => Resultado do cadastro {
  status: 500,
  message: 'javax.persistence.PersistenceException: org.hibernate.exception.ConstraintViolationException: could not execute statement'
};{"service":"IntegracaoBancos"}
2024-07-25 10:14:58;error;Erro ao enviar socios: => Resultado do cadastro {
  status: 500,
  message: 'javax.persistence.PersistenceException: org.hibernate.exception.ConstraintViolationException: could not execute statement'
};{"service":"IntegracaoBancos"}
2024-07-25 10:37:01;error;Erro ao enviar socios: => Resultado do cadastro {
  status: 500,
  message: 'javax.persistence.PersistenceException: org.hibernate.exception.ConstraintViolationException: could not execute statement'
};{"service":"IntegracaoBancos"}
2024-07-25 10:37:02;error;Erro ao enviar socios: => Resultado do cadastro {
  status: 500,
  message: 'javax.persistence.PersistenceException: org.hibernate.exception.ConstraintViolationException: could not execute statement'
};{"service":"IntegracaoBancos"}
2024-07-25 10:41:12;error;Erro ao cadastrar cliente: VILLA SORVETES LTDA => Resultado do cadastro Erro na chamada do serviço incluirPessoa, com a seguinte mensagem: O CNPJ informado já existe na base de dados.;{"service":"IntegracaoBancos"}
2024-07-25 10:41:39;error;Erro ao atualizar cliente: VILLA SORVETES LTDA com o cnpj 34064678000150 => Resultado do cadastro Erro na chamada do serviço alterarPessoa, com a seguinte mensagem: javax.transaction.RollbackException: ARJUNA016053: Could not commit transaction.;{"service":"IntegracaoBancos"}
2024-07-25 10:41:46;error;Erro ao enviar socios: => Resultado do cadastro {
  status: 500,
  message: 'javax.persistence.PersistenceException: org.hibernate.exception.ConstraintViolationException: could not execute statement'
};{"service":"IntegracaoBancos"}
2024-07-25 10:41:46;error;Erro ao enviar socios: => Resultado do cadastro {
  status: 500,
  message: 'javax.persistence.PersistenceException: org.hibernate.exception.ConstraintViolationException: could not execute statement'
};{"service":"IntegracaoBancos"}
2024-07-25 10:41:46;error;Erro ao enviar socios: => Resultado do cadastro {
  status: 500,
  message: 'javax.persistence.PersistenceException: org.hibernate.exception.ConstraintViolationException: could not execute statement'
};{"service":"IntegracaoBancos"}
2024-07-25 10:41:46;error;Erro ao enviar socios: => Resultado do cadastro {
  status: 500,
  message: 'javax.persistence.PersistenceException: org.hibernate.exception.ConstraintViolationException: could not execute statement'
};{"service":"IntegracaoBancos"}
2024-07-25 10:41:46;error;Erro ao enviar socios: => Resultado do cadastro {
  status: 500,
  message: 'javax.persistence.PersistenceException: org.hibernate.exception.ConstraintViolationException: could not execute statement'
};{"service":"IntegracaoBancos"}
2024-07-25 10:41:47;error;Erro ao enviar socios: => Resultado do cadastro {
  status: 500,
  message: 'javax.persistence.PersistenceException: org.hibernate.exception.ConstraintViolationException: could not execute statement'
};{"service":"IntegracaoBancos"}
2024-07-25 10:41:47;error;Erro ao enviar socios: => Resultado do cadastro {
  status: 500,
  message: 'javax.persistence.PersistenceException: org.hibernate.exception.ConstraintViolationException: could not execute statement'
};{"service":"IntegracaoBancos"}
2024-07-25 10:41:47;error;Erro ao enviar socios: => Resultado do cadastro {
  status: 500,
  message: 'javax.persistence.PersistenceException: org.hibernate.exception.ConstraintViolationException: could not execute statement'
};{"service":"IntegracaoBancos"}
2024-07-25 10:41:47;error;Erro ao enviar socios: => Resultado do cadastro {
  status: 500,
  message: 'javax.persistence.PersistenceException: org.hibernate.exception.ConstraintViolationException: could not execute statement'
};{"service":"IntegracaoBancos"}
2024-07-25 10:41:47;error;Erro ao enviar socios: => Resultado do cadastro {
  status: 500,
  message: 'javax.persistence.PersistenceException: org.hibernate.exception.ConstraintViolationException: could not execute statement'
};{"service":"IntegracaoBancos"}
2024-07-25 10:41:47;error;Erro ao enviar socios: => Resultado do cadastro {
  status: 500,
  message: 'javax.persistence.PersistenceException: org.hibernate.exception.ConstraintViolationException: could not execute statement'
};{"service":"IntegracaoBancos"}
2024-07-25 10:52:24;error;Erro ao cadastrar cliente: SCHNEIDER BARBEARIA LTDA => Resultado do cadastro Erro na chamada do serviço incluirPessoa, com a seguinte mensagem: O CNPJ informado já existe na base de dados.;{"service":"IntegracaoBancos"}
2024-07-25 10:52:27;error;Erro ao atualizar cliente: SCHNEIDER BARBEARIA LTDA com o cnpj 27939299000109 => Resultado do cadastro Erro na chamada do serviço alterarPessoa, com a seguinte mensagem: javax.transaction.RollbackException: ARJUNA016053: Could not commit transaction.;{"service":"IntegracaoBancos"}
2024-07-25 10:52:30;error;Erro ao enviar socios: => Resultado do cadastro {
  status: 500,
  message: 'javax.persistence.PersistenceException: org.hibernate.exception.ConstraintViolationException: could not execute statement'
};{"service":"IntegracaoBancos"}
2024-07-25 10:52:30;error;Erro ao enviar socios: => Resultado do cadastro {
  status: 500,
  message: 'javax.persistence.PersistenceException: org.hibernate.exception.ConstraintViolationException: could not execute statement'
};{"service":"IntegracaoBancos"}
2024-07-25 10:52:30;error;Erro ao enviar socios: => Resultado do cadastro {
  status: 500,
  message: 'javax.persistence.PersistenceException: org.hibernate.exception.ConstraintViolationException: could not execute statement'
};{"service":"IntegracaoBancos"}
2024-07-25 10:52:30;error;Erro ao enviar socios: => Resultado do cadastro {
  status: 500,
  message: 'javax.persistence.PersistenceException: org.hibernate.exception.ConstraintViolationException: could not execute statement'
};{"service":"IntegracaoBancos"}
2024-07-25 10:52:30;error;Erro ao enviar socios: => Resultado do cadastro {
  status: 500,
  message: 'java.lang.IllegalArgumentException: Código do cliente e número sequencial não foram localizados na tabela t400soci.'
};{"service":"IntegracaoBancos"}
2024-07-25 10:54:05;error;Erro ao enviar socios: => Resultado do cadastro {
  status: 500,
  message: 'javax.persistence.PersistenceException: org.hibernate.exception.ConstraintViolationException: could not execute statement'
};{"service":"IntegracaoBancos"}
2024-07-25 10:54:05;error;Erro ao enviar socios: => Resultado do cadastro {
  status: 500,
  message: 'javax.persistence.PersistenceException: org.hibernate.exception.ConstraintViolationException: could not execute statement'
};{"service":"IntegracaoBancos"}
2024-07-25 11:10:28;error;Erro ao cadastrar cliente: CRISTOFFER PABLO MOTA MAGALHAES 05399455102 => Resultado do cadastro Erro na chamada do serviço incluirPessoa, com a seguinte mensagem: O CNPJ informado já existe na base de dados.;{"service":"IntegracaoBancos"}
2024-07-25 11:10:28;error;Erro ao cadastrar cliente: LUCAS MENDES DOS SANTOS 06351267102 => Resultado do cadastro Erro na chamada do serviço incluirPessoa, com a seguinte mensagem: O CNPJ informado já existe na base de dados.;{"service":"IntegracaoBancos"}
2024-07-25 11:10:28;error;Erro ao cadastrar cliente: JOSE DOMINGOS DA SILVA 15816565800 => Resultado do cadastro Erro na chamada do serviço incluirPessoa, com a seguinte mensagem: O CNPJ informado já existe na base de dados.;{"service":"IntegracaoBancos"}
2024-07-25 11:10:28;error;Erro ao cadastrar cliente: 54.967.558 CIBELLE CRISTINA COUTINHO LERMEN MIROWSKI => Resultado do cadastro Erro na chamada do serviço incluirPessoa, com a seguinte mensagem: O CNPJ informado já existe na base de dados.;{"service":"IntegracaoBancos"}
2024-07-25 11:10:29;error;Erro ao cadastrar cliente: JOELMA RODRIGUES DOS SANTOS 01233406167 => Resultado do cadastro Erro na chamada do serviço incluirPessoa, com a seguinte mensagem: O CNPJ informado já existe na base de dados.;{"service":"IntegracaoBancos"}
2024-07-25 11:10:40;error;Erro ao cadastrar cliente: BRUNO OLIVEIRA PEREIRA LTDA => Resultado do cadastro Erro na chamada do serviço incluirPessoa, com a seguinte mensagem: O CNPJ informado já existe na base de dados.;{"service":"IntegracaoBancos"}
2024-07-25 11:10:48;error;Erro ao cadastrar cliente: ANA CRISTINA GOUVEIA MACEDA => Resultado do cadastro Erro na chamada do serviço incluirPessoa, com a seguinte mensagem: O CNPJ informado já existe na base de dados.;{"service":"IntegracaoBancos"}
2024-07-25 11:10:48;error;Erro ao cadastrar cliente: 44.490.389 LUAN PATRICK DA SILVA => Resultado do cadastro Erro na chamada do serviço incluirPessoa, com a seguinte mensagem: O CNPJ informado já existe na base de dados.;{"service":"IntegracaoBancos"}
2024-07-25 11:10:48;error;Erro ao cadastrar cliente: REGILVAN PEREIRA MOTA 62183982187 => Resultado do cadastro Erro na chamada do serviço incluirPessoa, com a seguinte mensagem: O CNPJ informado já existe na base de dados.;{"service":"IntegracaoBancos"}
2024-07-25 11:10:48;error;Erro ao cadastrar cliente: 51.436.011 RAFAELA DAIANE DE SOUZA MION => Resultado do cadastro Erro na chamada do serviço incluirPessoa, com a seguinte mensagem: O CNPJ informado já existe na base de dados.;{"service":"IntegracaoBancos"}
2024-07-25 11:10:49;error;Erro ao cadastrar cliente: CONTABILIDADE EXATA EIRELI => Resultado do cadastro Erro na chamada do serviço incluirPessoa, com a seguinte mensagem: O CNPJ informado já existe na base de dados.;{"service":"IntegracaoBancos"}
2024-07-25 11:11:10;error;Erro ao cadastrar cliente: PROJETO K STUDIO DE PROJETO EIRELI => Resultado do cadastro Erro na chamada do serviço incluirPessoa, com a seguinte mensagem: O CNPJ informado já existe na base de dados.;{"service":"IntegracaoBancos"}
2024-07-25 11:11:10;error;Erro ao cadastrar cliente: OXIBRAS COMERCIO DE FERRAGENS E FERRAMENTAS E REPRESENTACOES LTDA => Resultado do cadastro Erro na chamada do serviço incluirPessoa, com a seguinte mensagem: javax.transaction.RollbackException: ARJUNA016053: Could not commit transaction.;{"service":"IntegracaoBancos"}
2024-07-25 11:11:11;error;Erro ao cadastrar cliente: CARLEISI HINERASKI SCHMIDT 02008093182 => Resultado do cadastro Erro na chamada do serviço incluirPessoa, com a seguinte mensagem: O CNPJ informado já existe na base de dados.;{"service":"IntegracaoBancos"}
2024-07-25 11:11:13;error;Erro ao atualizar cliente: PROJETO K STUDIO DE PROJETO EIRELI com o cnpj 30657838000113 => Resultado do cadastro Erro na chamada do serviço alterarPessoa, com a seguinte mensagem: javax.transaction.RollbackException: ARJUNA016053: Could not commit transaction.;{"service":"IntegracaoBancos"}
2024-07-25 11:11:13;error;Erro ao atualizar cliente: CARLEISI HINERASKI SCHMIDT 02008093182 com o cnpj 20347595000163 => Resultado do cadastro Erro na chamada do serviço alterarPessoa, com a seguinte mensagem: javax.transaction.RollbackException: ARJUNA016053: Could not commit transaction.;{"service":"IntegracaoBancos"}
2024-07-25 11:11:14;error;Erro ao enviar Contato: => Resultado do cadastro {
  status: 500,
  message: 'java.lang.IllegalArgumentException: Código do cliente e número sequencial não foram localizados na tabela t400fcon.'
};{"service":"IntegracaoBancos"}
2024-07-25 11:11:16;error;Erro ao enviar socios: => Resultado do cadastro {
  status: 500,
  message: 'javax.persistence.PersistenceException: org.hibernate.exception.ConstraintViolationException: could not execute statement'
};{"service":"IntegracaoBancos"}
2024-07-25 11:11:16;error;Erro ao enviar socios: => Resultado do cadastro {
  status: 500,
  message: 'java.lang.IllegalArgumentException: Código do cliente e número sequencial não foram localizados na tabela t400soci.'
};{"service":"IntegracaoBancos"}
2024-07-25 11:13:06;error;Erro ao cadastrar cliente: 53.659.874 MIRIAN CLEYZE MARTIMIANO LOPES => Resultado do cadastro Erro na chamada do serviço incluirPessoa, com a seguinte mensagem: O CNPJ informado já existe na base de dados.;{"service":"IntegracaoBancos"}
2024-07-25 11:13:06;error;Erro ao cadastrar cliente: G. S. B. DE OLIVEIRA => Resultado do cadastro Erro na chamada do serviço incluirPessoa, com a seguinte mensagem: O CNPJ informado já existe na base de dados.;{"service":"IntegracaoBancos"}
2024-07-25 11:13:07;error;Erro ao cadastrar cliente: MORBACH-PHARMA LTDA => Resultado do cadastro Erro na chamada do serviço incluirPessoa, com a seguinte mensagem: O CNPJ informado já existe na base de dados.;{"service":"IntegracaoBancos"}
2024-07-25 11:13:07;error;Erro ao cadastrar cliente: PROJETO K STUDIO DE PROJETO EIRELI => Resultado do cadastro Erro na chamada do serviço incluirPessoa, com a seguinte mensagem: O CNPJ informado já existe na base de dados.;{"service":"IntegracaoBancos"}
2024-07-25 11:13:07;error;Erro ao cadastrar cliente: OXIBRAS COMERCIO DE FERRAGENS E FERRAMENTAS E REPRESENTACOES LTDA => Resultado do cadastro Erro na chamada do serviço incluirPessoa, com a seguinte mensagem: javax.transaction.RollbackException: ARJUNA016053: Could not commit transaction.;{"service":"IntegracaoBancos"}
2024-07-25 11:13:07;error;Erro ao cadastrar cliente: CARLEISI HINERASKI SCHMIDT 02008093182 => Resultado do cadastro Erro na chamada do serviço incluirPessoa, com a seguinte mensagem: O CNPJ informado já existe na base de dados.;{"service":"IntegracaoBancos"}
2024-07-25 11:13:08;error;Erro ao atualizar cliente: PROJETO K STUDIO DE PROJETO EIRELI com o cnpj 30657838000113 => Resultado do cadastro Erro na chamada do serviço alterarPessoa, com a seguinte mensagem: javax.transaction.RollbackException: ARJUNA016053: Could not commit transaction.;{"service":"IntegracaoBancos"}
2024-07-25 11:13:08;error;Erro ao atualizar cliente: CARLEISI HINERASKI SCHMIDT 02008093182 com o cnpj 20347595000163 => Resultado do cadastro Erro na chamada do serviço alterarPessoa, com a seguinte mensagem: javax.transaction.RollbackException: ARJUNA016053: Could not commit transaction.;{"service":"IntegracaoBancos"}
2024-07-25 11:13:09;error;Erro ao enviar Contato: => Resultado do cadastro {
  status: 500,
  message: 'java.lang.IllegalArgumentException: Código do cliente e número sequencial não foram localizados na tabela t400fcon.'
};{"service":"IntegracaoBancos"}
2024-07-25 11:13:11;error;Erro ao enviar socios: => Resultado do cadastro {
  status: 500,
  message: 'java.lang.IllegalArgumentException: Código do cliente e número sequencial não foram localizados na tabela t400soci.'
};{"service":"IntegracaoBancos"}
2024-07-25 11:21:28;error;Erro ao cadastrar cliente: 52 531 784 CRISTIANO PEREIRA DE JESUS => Resultado do cadastro Erro na chamada do serviço incluirPessoa, com a seguinte mensagem: O CNPJ informado já existe na base de dados.;{"service":"IntegracaoBancos"}
2024-07-25 11:21:29;error;Erro ao cadastrar cliente: RUHLING S.S. CONSULTORES E AUDITORES => Resultado do cadastro Erro na chamada do serviço incluirPessoa, com a seguinte mensagem: O CNPJ informado já existe na base de dados.;{"service":"IntegracaoBancos"}
