2024-07-16 08:23:36;error;Erro ao cadastrar cliente: LORENNA CRISTHIAN BEZERRA DE PAULA => Resultado do cadastro Erro na chamada do serviço incluirPessoa, com a seguinte mensagem: O CPF informado já existe na base de dados.;{"service":"IntegracaoBancos"}
2024-07-16 08:23:49;error;Erro ao cadastrar cliente: MARIA APARECIDA RIBEIRO DA CUNHA => Resultado do cadastro Erro na chamada do serviço incluirPessoa, com a seguinte mensagem: O CPF informado já existe na base de dados.;{"service":"IntegracaoBancos"}
2024-07-16 08:24:25;error;Erro ao cadastrar cliente: L C B DE PAULA LTDA com o cnpj 02730658000184 => Resultado do cadastro Erro na chamada do serviço incluirPessoa, com a seguinte mensagem: O CNPJ informado já existe na base de dados.;{"service":"IntegracaoBancos"}
2024-07-16 08:24:40;error;Erro ao enviar socios: => Resultado do cadastro {
  status: 500,
  message: 'javax.persistence.PersistenceException: org.hibernate.exception.ConstraintViolationException: could not execute statement'
};{"service":"IntegracaoBancos"}
2024-07-16 08:24:40;error;Erro ao enviar socios: => Resultado do cadastro {
  status: 500,
  message: 'javax.persistence.PersistenceException: org.hibernate.exception.ConstraintViolationException: could not execute statement'
};{"service":"IntegracaoBancos"}
2024-07-16 08:24:40;error;Erro ao enviar socios: => Resultado do cadastro {
  status: 500,
  message: 'javax.persistence.PersistenceException: org.hibernate.exception.ConstraintViolationException: could not execute statement'
};{"service":"IntegracaoBancos"}
2024-07-16 08:24:41;error;Erro ao enviar socios: => Resultado do cadastro {
  status: 500,
  message: 'javax.persistence.PersistenceException: org.hibernate.exception.ConstraintViolationException: could not execute statement'
};{"service":"IntegracaoBancos"}
2024-07-16 08:24:41;error;Erro ao enviar socios: => Resultado do cadastro {
  status: 500,
  message: 'javax.persistence.PersistenceException: org.hibernate.exception.ConstraintViolationException: could not execute statement'
};{"service":"IntegracaoBancos"}
2024-07-16 08:24:41;error;Erro ao enviar socios: => Resultado do cadastro {
  status: 500,
  message: 'javax.persistence.PersistenceException: org.hibernate.exception.ConstraintViolationException: could not execute statement'
};{"service":"IntegracaoBancos"}
2024-07-16 08:24:41;error;Erro ao enviar socios: => Resultado do cadastro {
  status: 500,
  message: 'javax.persistence.PersistenceException: org.hibernate.exception.ConstraintViolationException: could not execute statement'
};{"service":"IntegracaoBancos"}
2024-07-16 08:24:41;error;Erro ao enviar socios: => Resultado do cadastro {
  status: 500,
  message: 'javax.persistence.PersistenceException: org.hibernate.exception.ConstraintViolationException: could not execute statement'
};{"service":"IntegracaoBancos"}
2024-07-16 08:24:41;error;Erro ao enviar socios: => Resultado do cadastro {
  status: 500,
  message: 'javax.persistence.PersistenceException: org.hibernate.exception.ConstraintViolationException: could not execute statement'
};{"service":"IntegracaoBancos"}
2024-07-16 08:24:41;error;Erro ao enviar socios: => Resultado do cadastro {
  status: 500,
  message: 'javax.persistence.PersistenceException: org.hibernate.exception.ConstraintViolationException: could not execute statement'
};{"service":"IntegracaoBancos"}
2024-07-16 08:45:42;error;Erro ao cadastrar cliente: CARLOS HENRIQUE TEROSSI FERREIRA => Resultado do cadastro Erro na chamada do serviço incluirPessoa, com a seguinte mensagem: O CPF informado já existe na base de dados.;{"service":"IntegracaoBancos"}
2024-07-16 08:45:42;error;Erro ao cadastrar cliente: PAOLA DE ARRUDA FURTADO => Resultado do cadastro Erro na chamada do serviço incluirPessoa, com a seguinte mensagem: O CPF informado já existe na base de dados.;{"service":"IntegracaoBancos"}
2024-07-16 08:45:42;error;Erro ao cadastrar cliente: LUIZA REGINA DA SILVA CORREA => Resultado do cadastro Erro na chamada do serviço incluirPessoa, com a seguinte mensagem: O CPF informado já existe na base de dados.;{"service":"IntegracaoBancos"}
2024-07-16 08:45:42;error;Erro ao cadastrar cliente: PATRICIA BRASSO ROTO => Resultado do cadastro Erro na chamada do serviço incluirPessoa, com a seguinte mensagem: O CPF informado já existe na base de dados.;{"service":"IntegracaoBancos"}
2024-07-16 08:45:44;error;Erro ao cadastrar cliente: KARLA MIRELE ZAGATO => Resultado do cadastro Erro na chamada do serviço incluirPessoa, com a seguinte mensagem: O CPF informado já existe na base de dados.;{"service":"IntegracaoBancos"}
2024-07-16 08:45:46;error;Erro ao cadastrar cliente: PAULO SERGIO RODRIGUES DA SILVA => Resultado do cadastro Erro na chamada do serviço incluirPessoa, com a seguinte mensagem: O CPF informado já existe na base de dados.;{"service":"IntegracaoBancos"}
2024-07-16 08:46:56;error;Erro ao cadastrar cliente: 42.785.095 PAULO SERGIO RODRIGUES DA SILVA com o cnpj 42785095000146 => Resultado do cadastro Erro na chamada do serviço incluirPessoa, com a seguinte mensagem: O CNPJ informado já existe na base de dados.;{"service":"IntegracaoBancos"}
2024-07-16 08:46:59;error;Erro ao cadastrar cliente: GATO REIS CONFECCOES LTDA com o cnpj 47985963000155 => Resultado do cadastro Erro na chamada do serviço incluirPessoa, com a seguinte mensagem: O CNPJ informado já existe na base de dados.;{"service":"IntegracaoBancos"}
2024-07-16 08:46:59;error;Erro ao cadastrar cliente: 53.620.359 LUIZA REGINA DA SILVA CORREA com o cnpj 53620359000128 => Resultado do cadastro Erro na chamada do serviço incluirPessoa, com a seguinte mensagem: O CNPJ informado já existe na base de dados.;{"service":"IntegracaoBancos"}
2024-07-16 08:46:59;error;Erro ao cadastrar cliente: 50.277.873 PATRICIA BRASSO ROTO com o cnpj 50277873000114 => Resultado do cadastro Erro na chamada do serviço incluirPessoa, com a seguinte mensagem: O CNPJ informado já existe na base de dados.;{"service":"IntegracaoBancos"}
2024-07-16 08:47:01;error;Erro ao cadastrar cliente: 51.861.982 CARLOS HENRIQUE TEROSSI FERREIRA com o cnpj 51861982000147 => Resultado do cadastro Erro na chamada do serviço incluirPessoa, com a seguinte mensagem: O CNPJ informado já existe na base de dados.;{"service":"IntegracaoBancos"}
2024-07-16 08:47:01;error;Erro ao cadastrar cliente: PAOLA DE ARRUDA FURTADO LTDA com o cnpj 42738198000155 => Resultado do cadastro Erro na chamada do serviço incluirPessoa, com a seguinte mensagem: O CNPJ informado já existe na base de dados.;{"service":"IntegracaoBancos"}
2024-07-16 08:47:04;error;Erro ao enviar socios: => Resultado do cadastro {
  status: 500,
  message: 'javax.persistence.PersistenceException: org.hibernate.exception.ConstraintViolationException: could not execute statement'
};{"service":"IntegracaoBancos"}
2024-07-16 08:47:04;error;Erro ao enviar socios: => Resultado do cadastro {
  status: 500,
  message: 'javax.persistence.PersistenceException: org.hibernate.exception.ConstraintViolationException: could not execute statement'
};{"service":"IntegracaoBancos"}
2024-07-16 08:47:04;error;Erro ao enviar socios: => Resultado do cadastro {
  status: 500,
  message: 'javax.persistence.PersistenceException: org.hibernate.exception.ConstraintViolationException: could not execute statement'
};{"service":"IntegracaoBancos"}
2024-07-16 08:47:04;error;Erro ao enviar socios: => Resultado do cadastro {
  status: 500,
  message: 'javax.persistence.PersistenceException: org.hibernate.exception.ConstraintViolationException: could not execute statement'
};{"service":"IntegracaoBancos"}
2024-07-16 08:47:04;error;Erro ao enviar socios: => Resultado do cadastro {
  status: 500,
  message: 'javax.persistence.PersistenceException: org.hibernate.exception.ConstraintViolationException: could not execute statement'
};{"service":"IntegracaoBancos"}
2024-07-16 08:47:04;error;Erro ao enviar socios: => Resultado do cadastro {
  status: 500,
  message: 'javax.persistence.PersistenceException: org.hibernate.exception.ConstraintViolationException: could not execute statement'
};{"service":"IntegracaoBancos"}
2024-07-16 08:47:29;error;Erro ao cadastrar cliente: SIMONE ALVES CHAVES => Resultado do cadastro Erro na chamada do serviço incluirPessoa, com a seguinte mensagem: O CPF informado já existe na base de dados.;{"service":"IntegracaoBancos"}
2024-07-16 08:47:30;error;Erro ao cadastrar cliente: CELSO DOURADO DE FRANCA => Resultado do cadastro Erro na chamada do serviço incluirPessoa, com a seguinte mensagem: O CPF informado já existe na base de dados.;{"service":"IntegracaoBancos"}
2024-07-16 08:47:57;error;Erro ao cadastrar cliente: ESTACIONAMENTO E DISTRIBUIDORA DA HORA LTDA com o cnpj 23875820000122 => Resultado do cadastro Erro na chamada do serviço incluirPessoa, com a seguinte mensagem: O CNPJ informado já existe na base de dados.;{"service":"IntegracaoBancos"}
2024-07-16 08:47:59;error;Erro ao enviar socios: => Resultado do cadastro {
  status: 500,
  message: 'javax.persistence.PersistenceException: org.hibernate.exception.ConstraintViolationException: could not execute statement'
};{"service":"IntegracaoBancos"}
2024-07-16 08:48:48;error;Erro ao enviar socios: => Resultado do cadastro {
  status: 500,
  message: 'javax.persistence.PersistenceException: org.hibernate.exception.ConstraintViolationException: could not execute statement'
};{"service":"IntegracaoBancos"}
2024-07-16 08:48:49;error;Erro ao enviar socios: => Resultado do cadastro {
  status: 500,
  message: 'javax.persistence.PersistenceException: org.hibernate.exception.ConstraintViolationException: could not execute statement'
};{"service":"IntegracaoBancos"}
2024-07-16 08:48:49;error;Erro ao enviar socios: => Resultado do cadastro {
  status: 500,
  message: 'javax.persistence.PersistenceException: org.hibernate.exception.ConstraintViolationException: could not execute statement'
};{"service":"IntegracaoBancos"}
2024-07-16 08:49:05;error;Erro ao cadastrar cliente: EDVALDO JOSE DA SILVA => Resultado do cadastro Erro na chamada do serviço incluirPessoa, com a seguinte mensagem: O CPF informado já existe na base de dados.;{"service":"IntegracaoBancos"}
2024-07-16 08:49:05;error;Erro ao cadastrar cliente: RENATO BALDUINO DA SILVA => Resultado do cadastro Erro na chamada do serviço incluirPessoa, com a seguinte mensagem: O CPF informado já existe na base de dados.;{"service":"IntegracaoBancos"}
2024-07-16 08:49:05;error;Erro ao cadastrar cliente: GENILSON GOMES DOS SANTOS => Resultado do cadastro Erro na chamada do serviço incluirPessoa, com a seguinte mensagem: O CNPJ informado já existe na base de dados.;{"service":"IntegracaoBancos"}
2024-07-16 08:49:05;error;Erro ao cadastrar cliente: GENILSON GOMES DOS SANTOS => Resultado do cadastro Erro na chamada do serviço incluirPessoa, com a seguinte mensagem: O CPF informado já existe na base de dados.;{"service":"IntegracaoBancos"}
2024-07-16 08:49:05;error;Erro ao cadastrar cliente: AIRTON WITCZAK BUENO => Resultado do cadastro Erro na chamada do serviço incluirPessoa, com a seguinte mensagem: O CPF informado já existe na base de dados.;{"service":"IntegracaoBancos"}
2024-07-16 08:49:05;error;Erro ao cadastrar cliente: RAPHAEL ARCENIO FIHR MENDES => Resultado do cadastro Erro na chamada do serviço incluirPessoa, com a seguinte mensagem: O CPF informado já existe na base de dados.;{"service":"IntegracaoBancos"}
2024-07-16 08:49:13;error;Erro ao cadastrar cliente: RONALDO CASSIANO RIBEIRO => Resultado do cadastro Erro na chamada do serviço incluirPessoa, com a seguinte mensagem: O CPF informado já existe na base de dados.;{"service":"IntegracaoBancos"}
2024-07-16 08:49:13;error;Erro ao cadastrar cliente: FATIMA BATISTA DE OLIVEIRA RIBEIRO => Resultado do cadastro Erro na chamada do serviço incluirPessoa, com a seguinte mensagem: O CPF informado já existe na base de dados.;{"service":"IntegracaoBancos"}
2024-07-16 08:50:05;error;Erro ao cadastrar cliente: 53.997.673 RAPHAEL ARCENIO FIHR MENDES com o cnpj 53997673000124 => Resultado do cadastro Erro na chamada do serviço incluirPessoa, com a seguinte mensagem: O CNPJ informado já existe na base de dados.;{"service":"IntegracaoBancos"}
2024-07-16 08:50:08;error;Erro ao cadastrar cliente: EMPORIO OURO MINAS COMERCIO E REPRESENTACOES CONFIANCA LTDA com o cnpj 25403663000188 => Resultado do cadastro Erro na chamada do serviço incluirPessoa, com a seguinte mensagem: O CNPJ informado já existe na base de dados.;{"service":"IntegracaoBancos"}
2024-07-16 08:50:08;error;Erro ao cadastrar cliente: RONALDO CASSIANO RIBEIRO & CIA LTDA com o cnpj 08689565000130 => Resultado do cadastro Erro na chamada do serviço incluirPessoa, com a seguinte mensagem: O CNPJ informado já existe na base de dados.;{"service":"IntegracaoBancos"}
2024-07-16 08:50:08;error;Erro ao cadastrar cliente: GENILSON GOMES DOS SANTOS com o cnpj 26587359000109 => Resultado do cadastro Erro na chamada do serviço incluirPessoa, com a seguinte mensagem: O CNPJ informado já existe na base de dados.;{"service":"IntegracaoBancos"}
2024-07-16 08:50:16;error;Erro ao cadastrar cliente: GREGO DA HORA LTDA com o cnpj 28576878000199 => Resultado do cadastro Erro na chamada do serviço incluirPessoa, com a seguinte mensagem: O CNPJ informado já existe na base de dados.;{"service":"IntegracaoBancos"}
2024-07-16 08:50:20;error;Erro ao enviar socios: => Resultado do cadastro {
  status: 500,
  message: 'javax.persistence.PersistenceException: org.hibernate.exception.ConstraintViolationException: could not execute statement'
};{"service":"IntegracaoBancos"}
2024-07-16 08:50:20;error;Erro ao enviar socios: => Resultado do cadastro {
  status: 500,
  message: 'javax.persistence.PersistenceException: org.hibernate.exception.ConstraintViolationException: could not execute statement'
};{"service":"IntegracaoBancos"}
2024-07-16 08:50:21;error;Erro ao enviar socios: => Resultado do cadastro {
  status: 500,
  message: 'javax.persistence.PersistenceException: org.hibernate.exception.ConstraintViolationException: could not execute statement'
};{"service":"IntegracaoBancos"}
2024-07-16 08:50:21;error;Erro ao enviar socios: => Resultado do cadastro {
  status: 500,
  message: 'javax.persistence.PersistenceException: org.hibernate.exception.ConstraintViolationException: could not execute statement'
};{"service":"IntegracaoBancos"}
2024-07-16 08:50:21;error;Erro ao enviar socios: => Resultado do cadastro {
  status: 500,
  message: 'javax.persistence.PersistenceException: org.hibernate.exception.ConstraintViolationException: could not execute statement'
};{"service":"IntegracaoBancos"}
2024-07-16 08:50:21;error;Erro ao enviar socios: => Resultado do cadastro {
  status: 500,
  message: 'javax.persistence.PersistenceException: org.hibernate.exception.ConstraintViolationException: could not execute statement'
};{"service":"IntegracaoBancos"}
2024-07-16 08:50:21;error;Erro ao enviar socios: => Resultado do cadastro {
  status: 500,
  message: 'javax.persistence.PersistenceException: org.hibernate.exception.ConstraintViolationException: could not execute statement'
};{"service":"IntegracaoBancos"}
2024-07-16 08:50:21;error;Erro ao enviar socios: => Resultado do cadastro {
  status: 500,
  message: 'javax.persistence.PersistenceException: org.hibernate.exception.ConstraintViolationException: could not execute statement'
};{"service":"IntegracaoBancos"}
2024-07-16 08:50:21;error;Erro ao enviar socios: => Resultado do cadastro {
  status: 500,
  message: 'javax.persistence.PersistenceException: org.hibernate.exception.ConstraintViolationException: could not execute statement'
};{"service":"IntegracaoBancos"}
2024-07-16 08:50:35;error;Erro ao cadastrar cliente: CLEITON FABRICIO DA SILVA => Resultado do cadastro Erro na chamada do serviço incluirPessoa, com a seguinte mensagem: O CPF informado já existe na base de dados.;{"service":"IntegracaoBancos"}
2024-07-16 08:50:35;error;Erro ao cadastrar cliente: SERGIANE DE LARA PINTO => Resultado do cadastro Erro na chamada do serviço incluirPessoa, com a seguinte mensagem: O CPF informado já existe na base de dados.;{"service":"IntegracaoBancos"}
2024-07-16 08:50:45;error;Erro ao cadastrar cliente: CLEITON FABRICIO DA SILVA => Resultado do cadastro Erro na chamada do serviço incluirPessoa, com a seguinte mensagem: O CPF informado já existe na base de dados.;{"service":"IntegracaoBancos"}
2024-07-16 08:50:45;error;Erro ao cadastrar cliente: SERGIANE DE LARA PINTO => Resultado do cadastro Erro na chamada do serviço incluirPessoa, com a seguinte mensagem: O CPF informado já existe na base de dados.;{"service":"IntegracaoBancos"}
2024-07-16 08:50:45;error;Erro ao cadastrar cliente: STELLA PAULA OLIVEIRA DA SILVA => Resultado do cadastro Erro na chamada do serviço incluirPessoa, com a seguinte mensagem: O CPF informado já existe na base de dados.;{"service":"IntegracaoBancos"}
2024-07-16 08:51:11;error;Erro ao cadastrar cliente: CLEITON FABRICIO DA SILVA 01983100137 com o cnpj 36520365000194 => Resultado do cadastro Erro na chamada do serviço incluirPessoa, com a seguinte mensagem: O CNPJ informado já existe na base de dados.;{"service":"IntegracaoBancos"}
2024-07-16 08:51:15;error;Erro ao enviar socios: => Resultado do cadastro {
  status: 500,
  message: 'javax.persistence.PersistenceException: org.hibernate.exception.ConstraintViolationException: could not execute statement'
};{"service":"IntegracaoBancos"}
2024-07-16 08:51:15;error;Erro ao enviar socios: => Resultado do cadastro {
  status: 500,
  message: 'javax.persistence.PersistenceException: org.hibernate.exception.ConstraintViolationException: could not execute statement'
};{"service":"IntegracaoBancos"}
2024-07-16 08:51:45;error;Erro ao cadastrar cliente: KIMBILLY RAYANE SOUZA WERNER => Resultado do cadastro Erro na chamada do serviço incluirPessoa, com a seguinte mensagem: O CPF informado já existe na base de dados.;{"service":"IntegracaoBancos"}
2024-07-16 08:51:46;error;Erro ao cadastrar cliente: HENRIQUE JOSE ALCANTARA DE OLIVEIRA => Resultado do cadastro Erro na chamada do serviço incluirPessoa, com a seguinte mensagem: O CPF informado já existe na base de dados.;{"service":"IntegracaoBancos"}
2024-07-16 08:52:08;error;Erro ao cadastrar cliente: KIMBILLY RAYANE SOUZA WERNER => Resultado do cadastro Erro na chamada do serviço incluirPessoa, com a seguinte mensagem: O CPF informado já existe na base de dados.;{"service":"IntegracaoBancos"}
2024-07-16 08:52:08;error;Erro ao cadastrar cliente: EKATERINA BAJINA NOVELI => Resultado do cadastro Erro na chamada do serviço incluirPessoa, com a seguinte mensagem: O CPF informado já existe na base de dados.;{"service":"IntegracaoBancos"}
2024-07-16 08:52:08;error;Erro ao cadastrar cliente: HENRIQUE JOSE ALCANTARA DE OLIVEIRA => Resultado do cadastro Erro na chamada do serviço incluirPessoa, com a seguinte mensagem: O CPF informado já existe na base de dados.;{"service":"IntegracaoBancos"}
2024-07-16 08:52:08;error;Erro ao cadastrar cliente: CLAUDEMIR LOPES DA SILVA => Resultado do cadastro Erro na chamada do serviço incluirPessoa, com a seguinte mensagem: O CPF informado já existe na base de dados.;{"service":"IntegracaoBancos"}
2024-07-16 08:52:08;error;Erro ao cadastrar cliente: CLEBER CERQUEIRA => Resultado do cadastro Erro na chamada do serviço incluirPessoa, com a seguinte mensagem: O CPF informado já existe na base de dados.;{"service":"IntegracaoBancos"}
2024-07-16 08:52:33;error;Erro ao cadastrar cliente: CAMILA DA SILVA BELTRAME => Resultado do cadastro Erro na chamada do serviço incluirPessoa, com a seguinte mensagem: O CPF informado já existe na base de dados.;{"service":"IntegracaoBancos"}
2024-07-16 08:52:52;error;Erro ao cadastrar cliente: TALARICE MIRIELLE SERAFIM DE SOUZA => Resultado do cadastro Erro na chamada do serviço incluirPessoa, com a seguinte mensagem: O CPF informado já existe na base de dados.;{"service":"IntegracaoBancos"}
2024-07-16 08:52:58;error;Erro ao enviar mãe: {
  codigoCliente: 1040267,
  siglaRelacionamento: 'MAE',
  nomeParente: null,
  parentePoliticamenteExposto: false
} => Resultado do cadastro Erro na chamada do serviço Incluir Parentesco, com a seguinte mensagem: javax.transaction.RollbackException: ARJUNA016053: Could not commit transaction.;{"service":"IntegracaoBancos"}
2024-07-16 08:52:59;error;Erro ao enviar Pai: {
  codigoCliente: 1040267,
  siglaRelacionamento: 'PAI',
  nomeParente: null,
  parentePoliticamenteExposto: false
} => Resultado do cadastro Erro na chamada do serviço Incluir Parentesco, com a seguinte mensagem: javax.transaction.RollbackException: ARJUNA016053: Could not commit transaction.;{"service":"IntegracaoBancos"}
2024-07-16 08:53:00;error;Erro ao enviar Pai: {
  codigoCliente: 1040267,
  cpfParente: '',
  siglaRelacionamento: 'CONJUGE',
  nomeParente: null,
  parentePoliticamenteExposto: false
} => Resultado do cadastro Erro na chamada do serviço Incluir Parentesco, com a seguinte mensagem: javax.transaction.RollbackException: ARJUNA016053: Could not commit transaction.;{"service":"IntegracaoBancos"}
2024-07-16 08:53:29;error;Erro ao cadastrar cliente: 16.747.070 CAMILA DA SILVA BELTRAME com o cnpj 16747070000148 => Resultado do cadastro Erro na chamada do serviço incluirPessoa, com a seguinte mensagem: O CNPJ informado já existe na base de dados.;{"service":"IntegracaoBancos"}
2024-07-16 08:53:36;error;Erro ao cadastrar cliente: LUANNA THAYS FERNANDES CAMPOS com o cnpj 27934162000153 => Resultado do cadastro Erro na chamada do serviço incluirPessoa, com a seguinte mensagem: O CNPJ informado já existe na base de dados.;{"service":"IntegracaoBancos"}
2024-07-16 08:53:43;error;Erro ao enviar socios: => Resultado do cadastro {
  status: 500,
  message: 'javax.persistence.PersistenceException: org.hibernate.exception.ConstraintViolationException: could not execute statement'
};{"service":"IntegracaoBancos"}
2024-07-16 08:53:43;error;Erro ao enviar socios: => Resultado do cadastro {
  status: 500,
  message: 'javax.persistence.PersistenceException: org.hibernate.exception.ConstraintViolationException: could not execute statement'
};{"service":"IntegracaoBancos"}
2024-07-16 08:53:43;error;Erro ao enviar socios: => Resultado do cadastro {
  status: 500,
  message: 'javax.persistence.PersistenceException: org.hibernate.exception.ConstraintViolationException: could not execute statement'
};{"service":"IntegracaoBancos"}
2024-07-16 08:53:43;error;Erro ao enviar socios: => Resultado do cadastro {
  status: 500,
  message: 'javax.persistence.PersistenceException: org.hibernate.exception.ConstraintViolationException: could not execute statement'
};{"service":"IntegracaoBancos"}
2024-07-16 08:53:43;error;Erro ao enviar socios: => Resultado do cadastro {
  status: 500,
  message: 'javax.persistence.PersistenceException: org.hibernate.exception.ConstraintViolationException: could not execute statement'
};{"service":"IntegracaoBancos"}
2024-07-16 08:53:43;error;Erro ao enviar socios: => Resultado do cadastro {
  status: 500,
  message: 'javax.persistence.PersistenceException: org.hibernate.exception.ConstraintViolationException: could not execute statement'
};{"service":"IntegracaoBancos"}
2024-07-16 08:53:43;error;Erro ao enviar socios: => Resultado do cadastro {
  status: 500,
  message: 'javax.persistence.PersistenceException: org.hibernate.exception.ConstraintViolationException: could not execute statement'
};{"service":"IntegracaoBancos"}
2024-07-16 08:53:43;error;Erro ao enviar socios: => Resultado do cadastro {
  status: 500,
  message: 'javax.persistence.PersistenceException: org.hibernate.exception.ConstraintViolationException: could not execute statement'
};{"service":"IntegracaoBancos"}
2024-07-16 08:53:43;error;Erro ao enviar socios: => Resultado do cadastro {
  status: 500,
  message: 'javax.persistence.PersistenceException: org.hibernate.exception.ConstraintViolationException: could not execute statement'
};{"service":"IntegracaoBancos"}
2024-07-16 08:53:43;error;Erro ao enviar socios: => Resultado do cadastro {
  status: 500,
  message: 'javax.persistence.PersistenceException: org.hibernate.exception.ConstraintViolationException: could not execute statement'
};{"service":"IntegracaoBancos"}
2024-07-16 08:53:43;error;Erro ao enviar socios: => Resultado do cadastro {
  status: 500,
  message: 'javax.persistence.PersistenceException: org.hibernate.exception.ConstraintViolationException: could not execute statement'
};{"service":"IntegracaoBancos"}
2024-07-16 08:53:44;error;Erro ao enviar socios: => Resultado do cadastro {
  status: 500,
  message: 'javax.persistence.PersistenceException: org.hibernate.exception.ConstraintViolationException: could not execute statement'
};{"service":"IntegracaoBancos"}
2024-07-16 08:54:04;error;Erro ao cadastrar cliente: ONICE MARTINS RIBEIRO DA SILVA => Resultado do cadastro Erro na chamada do serviço incluirPessoa, com a seguinte mensagem: O CPF informado já existe na base de dados.;{"service":"IntegracaoBancos"}
2024-07-16 08:54:16;error;Erro ao cadastrar cliente: ONICE MARTINS RIBEIRO DA SILVA => Resultado do cadastro Erro na chamada do serviço incluirPessoa, com a seguinte mensagem: O CPF informado já existe na base de dados.;{"service":"IntegracaoBancos"}
2024-07-16 08:54:46;error;Erro ao enviar socios: => Resultado do cadastro {
  status: 500,
  message: 'javax.persistence.PersistenceException: org.hibernate.exception.ConstraintViolationException: could not execute statement'
};{"service":"IntegracaoBancos"}
2024-07-16 08:54:47;error;Erro ao enviar socios: => Resultado do cadastro {
  status: 500,
  message: 'javax.persistence.PersistenceException: org.hibernate.exception.ConstraintViolationException: could not execute statement'
};{"service":"IntegracaoBancos"}
2024-07-16 08:54:56;error;Erro ao cadastrar cliente: RG NAUTICA LTDA com o cnpj 39498095000150 => Resultado do cadastro Erro na chamada do serviço incluirPessoa, com a seguinte mensagem: O CNPJ informado já existe na base de dados.;{"service":"IntegracaoBancos"}
2024-07-16 08:54:56;error;Erro ao cadastrar cliente: A. L. DE OLIVEIRA BATISTA LTDA com o cnpj 03572300000133 => Resultado do cadastro Erro na chamada do serviço incluirPessoa, com a seguinte mensagem: O CNPJ informado já existe na base de dados.;{"service":"IntegracaoBancos"}
2024-07-16 12:03:06;error;Erro ao cadastrar cliente: L C B DE PAULA LTDA com o cnpj 02730658000184 => Resultado do cadastro Erro na chamada do serviço incluirPessoa, com a seguinte mensagem: O CNPJ informado já existe na base de dados.;{"service":"IntegracaoBancos"}
2024-07-16 12:03:06;error;Erro ao cadastrar cliente: LIMPA SOLAR MT LTDA com o cnpj 50977530000162 => Resultado do cadastro Erro na chamada do serviço incluirPessoa, com a seguinte mensagem: O CNPJ informado já existe na base de dados.;{"service":"IntegracaoBancos"}
2024-07-16 12:03:06;error;Erro ao cadastrar cliente: 44.637.444 MARIA APARECIDA RIBEIRO DA CUNHA com o cnpj 44637444000108 => Resultado do cadastro Erro na chamada do serviço incluirPessoa, com a seguinte mensagem: O CNPJ informado já existe na base de dados.;{"service":"IntegracaoBancos"}
2024-07-16 12:03:06;error;Erro ao cadastrar cliente: VITAFIT LTDA com o cnpj 49641849000133 => Resultado do cadastro Erro na chamada do serviço incluirPessoa, com a seguinte mensagem: O CNPJ informado já existe na base de dados.;{"service":"IntegracaoBancos"}
2024-07-16 12:03:07;error;Erro ao cadastrar cliente: MALHARIA TREVISAN COM CONFECCOES LTDA com o cnpj 07920876000103 => Resultado do cadastro Erro na chamada do serviço incluirPessoa, com a seguinte mensagem: O CNPJ informado já existe na base de dados.;{"service":"IntegracaoBancos"}
2024-07-16 12:03:07;error;Erro ao cadastrar cliente: RENOVARE CLINICA DE PSICOLOGIA LTDA com o cnpj 54347204000122 => Resultado do cadastro Erro na chamada do serviço incluirPessoa, com a seguinte mensagem: O CNPJ informado já existe na base de dados.;{"service":"IntegracaoBancos"}
2024-07-16 12:03:07;error;Erro ao cadastrar cliente: MEGATRON MECANICA E AUTO PECAS LTDA com o cnpj 47539475000114 => Resultado do cadastro Erro na chamada do serviço incluirPessoa, com a seguinte mensagem: O CNPJ informado já existe na base de dados.;{"service":"IntegracaoBancos"}
2024-07-16 12:03:07;error;Erro ao cadastrar cliente: MORBACH NUTRI COMPLEMENTOS ALIMENTARES LTDA com o cnpj 53635572000103 => Resultado do cadastro Erro na chamada do serviço incluirPessoa, com a seguinte mensagem: O CNPJ informado já existe na base de dados.;{"service":"IntegracaoBancos"}
