2024-09-04 07:54:02;error;Erro ao enviar o socio com codigo 1041020: => Resultado do cadastro {
  status: 500,
  message: 'javax.persistence.PersistenceException: org.hibernate.exception.ConstraintViolationException: could not execute statement'
};{"service":"IntegracaoBancos"}
2024-09-04 08:03:24;error;Erro ao enviar o socio com codigo 1041026: => Resultado do cadastro {
  status: 500,
  message: 'javax.persistence.PersistenceException: org.hibernate.exception.ConstraintViolationException: could not execute statement'
};{"service":"IntegracaoBancos"}
2024-09-04 08:17:28;error;Erro ao atualizar cliente: VINICIUS DIOGO SCHIRMER DE PAULA com o cnpj 00570578183 SS=> Resultado do cadastro Erro na chamada do serviço alterarPessoa, com a seguinte mensagem: javax.transaction.RollbackException: ARJUNA016053: Could not commit transaction.;{"service":"IntegracaoBancos"}
2024-09-04 08:17:29;error;Erro ao enviar Contato: => Resultado do cadastro {
  status: 500,
  message: 'java.lang.IllegalArgumentException: Código do cliente e número sequencial não foram localizados na tabela t400fcon.'
};{"service":"IntegracaoBancos"}
2024-09-04 08:17:29;error;Erro ao enviar Contato: => Resultado do cadastro {
  status: 500,
  message: 'java.lang.IllegalArgumentException: Código do cliente e número sequencial não foram localizados na tabela t400fcon.'
};{"service":"IntegracaoBancos"}
2024-09-04 08:17:31;error;Erro ao enviar mãe: {
  codigoCliente: 1041046,
  siglaRelacionamento: 'MAE',
  nomeParente: null,
  parentePoliticamenteExposto: false
} => Resultado do cadastro Erro na chamada do serviço Incluir Parentesco, com a seguinte mensagem: javax.transaction.RollbackException: ARJUNA016053: Could not commit transaction.;{"service":"IntegracaoBancos"}
2024-09-04 08:17:32;error;Erro ao enviar Pai: {
  codigoCliente: 1041046,
  siglaRelacionamento: 'PAI',
  nomeParente: null,
  parentePoliticamenteExposto: false
} => Resultado do cadastro Erro na chamada do serviço Incluir Parentesco, com a seguinte mensagem: javax.transaction.RollbackException: ARJUNA016053: Could not commit transaction.;{"service":"IntegracaoBancos"}
2024-09-04 08:17:33;error;Erro ao enviar Pai: {
  codigoCliente: 1041046,
  cpfParente: '',
  siglaRelacionamento: 'CONJUGE',
  nomeParente: null,
  parentePoliticamenteExposto: false
} => Resultado do cadastro Erro na chamada do serviço Incluir Parentesco, com a seguinte mensagem: javax.transaction.RollbackException: ARJUNA016053: Could not commit transaction.;{"service":"IntegracaoBancos"}
2024-09-04 08:17:57;error;Erro ao cadastrar cliente: CLEYTON A. DE OLIVEIRA => Resultado do cadastro Erro na chamada do serviço incluirPessoa, com a seguinte mensagem: O CNPJ informado já existe na base de dados.;{"service":"IntegracaoBancos"}
2024-09-04 08:20:22;error;Erro ao enviar mãe: {
  codigoCliente: 1041054,
  siglaRelacionamento: 'MAE',
  nomeParente: null,
  parentePoliticamenteExposto: false
} => Resultado do cadastro Erro na chamada do serviço Incluir Parentesco, com a seguinte mensagem: javax.transaction.RollbackException: ARJUNA016053: Could not commit transaction.;{"service":"IntegracaoBancos"}
2024-09-04 08:20:23;error;Erro ao enviar Pai: {
  codigoCliente: 1041054,
  siglaRelacionamento: 'PAI',
  nomeParente: null,
  parentePoliticamenteExposto: false
} => Resultado do cadastro Erro na chamada do serviço Incluir Parentesco, com a seguinte mensagem: javax.transaction.RollbackException: ARJUNA016053: Could not commit transaction.;{"service":"IntegracaoBancos"}
2024-09-04 08:20:23;error;Erro ao enviar Pai: {
  codigoCliente: 1041054,
  cpfParente: '',
  siglaRelacionamento: 'CONJUGE',
  nomeParente: null,
  parentePoliticamenteExposto: false
} => Resultado do cadastro Erro na chamada do serviço Incluir Parentesco, com a seguinte mensagem: javax.transaction.RollbackException: ARJUNA016053: Could not commit transaction.;{"service":"IntegracaoBancos"}
2024-09-04 08:21:03;error;Erro ao cadastrar cliente: WENDELL MARCELL CAMPOS LEITE => Resultado do cadastro Erro na chamada do serviço incluirPessoa, com a seguinte mensagem: O CNPJ informado já existe na base de dados.;{"service":"IntegracaoBancos"}
2024-09-04 08:33:02;error;Erro ao atualizar cliente: THIAGO SLOVINSKI OLIVEIRA com o cnpj 02866303113 SS=> Resultado do cadastro Erro na chamada do serviço alterarPessoa, com a seguinte mensagem: javax.transaction.RollbackException: ARJUNA016053: Could not commit transaction.;{"service":"IntegracaoBancos"}
2024-09-04 08:33:03;error;Erro ao atualizar cliente: LENISE ISABELLE CAVALCANTI DE ALMEIDA com o cnpj 03604281180 SS=> Resultado do cadastro Erro na chamada do serviço alterarPessoa, com a seguinte mensagem: javax.transaction.RollbackException: ARJUNA016053: Could not commit transaction.;{"service":"IntegracaoBancos"}
2024-09-04 08:33:03;error;Erro ao atualizar cliente: MAYCKON JUNIOR OLIVEIRA GONCALVES DO NASCIMENTO com o cnpj 03427419185 SS=> Resultado do cadastro Erro na chamada do serviço alterarPessoa, com a seguinte mensagem: javax.transaction.RollbackException: ARJUNA016053: Could not commit transaction.;{"service":"IntegracaoBancos"}
2024-09-04 08:33:05;error;Erro ao atualizar cliente: MAYCKON JUNIOR OLIVEIRA GONCALVES DO NASCIMENTO com o cnpj 23895231000106 SS=> Resultado do cadastro Erro na chamada do serviço alterarPessoa, com a seguinte mensagem: javax.transaction.RollbackException: ARJUNA016053: Could not commit transaction.;{"service":"IntegracaoBancos"}
2024-09-04 08:33:05;error;Erro ao enviar Contato: => Resultado do cadastro {
  status: 500,
  message: 'java.lang.IllegalArgumentException: Código do cliente e número sequencial não foram localizados na tabela t400fcon.'
};{"service":"IntegracaoBancos"}
2024-09-04 08:33:06;error;Erro ao enviar mãe: {
  codigoCliente: 1027803,
  siglaRelacionamento: 'MAE',
  nomeParente: null,
  parentePoliticamenteExposto: false
} => Resultado do cadastro Erro na chamada do serviço Alterar Parentesco, com a seguinte mensagem: java.lang.IllegalArgumentException: Código do cliente e sigla do relacionamento informados não foram localizados na tabela t400pare.;{"service":"IntegracaoBancos"}
2024-09-04 08:33:07;error;Erro ao enviar Pai: {
  codigoCliente: 1027803,
  siglaRelacionamento: 'PAI',
  nomeParente: null,
  parentePoliticamenteExposto: false
} => Resultado do cadastro Erro na chamada do serviço Alterar Parentesco, com a seguinte mensagem: java.lang.IllegalArgumentException: Código do cliente e sigla do relacionamento informados não foram localizados na tabela t400pare.;{"service":"IntegracaoBancos"}
2024-09-04 08:33:07;error;Erro ao enviar Pai: {
  codigoCliente: 1027805,
  cpfParente: '',
  siglaRelacionamento: 'CONJUGE',
  nomeParente: null,
  parentePoliticamenteExposto: false
} => Resultado do cadastro Erro na chamada do serviço Alterar Parentesco, com a seguinte mensagem: java.lang.IllegalArgumentException: Código do cliente e sigla do relacionamento informados não foram localizados na tabela t400pare.;{"service":"IntegracaoBancos"}
2024-09-04 08:33:07;error;Erro ao enviar Pai: {
  codigoCliente: 1027803,
  cpfParente: '',
  siglaRelacionamento: 'CONJUGE',
  nomeParente: null,
  parentePoliticamenteExposto: false
} => Resultado do cadastro Erro na chamada do serviço Alterar Parentesco, com a seguinte mensagem: java.lang.IllegalArgumentException: Código do cliente e sigla do relacionamento informados não foram localizados na tabela t400pare.;{"service":"IntegracaoBancos"}
2024-09-04 08:40:40;error;Erro ao cadastrar cliente: MAYCKON JUNIOR OLIVEIRA GONCALVES DO NASCIMENTO => Resultado do cadastro Erro na chamada do serviço incluirPessoa, com a seguinte mensagem: O CNPJ informado já existe na base de dados.;{"service":"IntegracaoBancos"}
2024-09-04 08:40:40;error;Erro ao atualizar cliente: THIAGO SLOVINSKI OLIVEIRA 02866303113 com o cnpj 20646112000121 => Resultado do cadastro Erro na chamada do serviço alterarPessoa, com a seguinte mensagem: javax.transaction.RollbackException: ARJUNA016053: Could not commit transaction.;{"service":"IntegracaoBancos"}
2024-09-04 08:40:41;error;Erro ao atualizar cliente: LENISE ISABELLE CAVALCANTI DE ALMEIDA 03604281180 com o cnpj 42629764000190 => Resultado do cadastro Erro na chamada do serviço alterarPessoa, com a seguinte mensagem: javax.transaction.RollbackException: ARJUNA016053: Could not commit transaction.;{"service":"IntegracaoBancos"}
2024-09-04 08:40:41;error;Erro ao enviar Contato: => Resultado do cadastro {
  status: 500,
  message: 'java.lang.IllegalArgumentException: Código do cliente e número sequencial não foram localizados na tabela t400fcon.'
};{"service":"IntegracaoBancos"}
2024-09-04 08:40:42;error;Erro ao enviar o socio com codigo 1032415: => Resultado do cadastro {
  status: 500,
  message: 'java.lang.IllegalArgumentException: Código do cliente e número sequencial não foram localizados na tabela t400soci.'
};{"service":"IntegracaoBancos"}
2024-09-04 08:40:42;error;Erro ao enviar o socio com codigo 1035572: => Resultado do cadastro {
  status: 500,
  message: 'java.lang.IllegalArgumentException: Código do cliente e número sequencial não foram localizados na tabela t400soci.'
};{"service":"IntegracaoBancos"}
2024-09-04 08:44:50;error;Erro ao cadastrar cliente: 23.173.092 ELIZETH DA SILVA TAVARES => Resultado do cadastro Erro na chamada do serviço incluirPessoa, com a seguinte mensagem: O CNPJ informado já existe na base de dados.;{"service":"IntegracaoBancos"}
2024-09-04 08:44:50;error;Erro ao cadastrar cliente: THIAGO SLOVINSKI OLIVEIRA 02866303113 => Resultado do cadastro Erro na chamada do serviço incluirPessoa, com a seguinte mensagem: O CNPJ informado já existe na base de dados.;{"service":"IntegracaoBancos"}
2024-09-04 08:44:51;error;Erro ao cadastrar cliente: MAYCKON JUNIOR OLIVEIRA GONCALVES DO NASCIMENTO => Resultado do cadastro Erro na chamada do serviço incluirPessoa, com a seguinte mensagem: O CNPJ informado já existe na base de dados.;{"service":"IntegracaoBancos"}
2024-09-04 08:44:51;error;Erro ao cadastrar cliente: LENISE ISABELLE CAVALCANTI DE ALMEIDA 03604281180 => Resultado do cadastro Erro na chamada do serviço incluirPessoa, com a seguinte mensagem: O CNPJ informado já existe na base de dados.;{"service":"IntegracaoBancos"}
2024-09-04 08:50:51;error;Erro ao cadastrar cliente: ADRIANA DA SILVA COELHO => Resultado do cadastro Erro na chamada do serviço incluirPessoa, com a seguinte mensagem: O CPF informado já existe na base de dados.;{"service":"IntegracaoBancos"}
2024-09-04 08:50:51;error;Erro ao cadastrar cliente: PIERRE LOT DIEUJUSTE => Resultado do cadastro Erro na chamada do serviço incluirPessoa, com a seguinte mensagem: O CPF informado já existe na base de dados.;{"service":"IntegracaoBancos"}
2024-09-04 08:50:51;error;Erro ao cadastrar cliente: CRISTIANO INACIO DA SILVA => Resultado do cadastro Erro na chamada do serviço incluirPessoa, com a seguinte mensagem: O CPF informado já existe na base de dados.;{"service":"IntegracaoBancos"}
2024-09-04 08:50:52;error;Erro ao cadastrar cliente: VICTOR MARTINS SANTOS => Resultado do cadastro Erro na chamada do serviço incluirPessoa, com a seguinte mensagem: O CPF informado já existe na base de dados.;{"service":"IntegracaoBancos"}
2024-09-04 08:50:52;error;Erro ao cadastrar cliente: ANA JULIA CURADO DE MAGALHAES => Resultado do cadastro Erro na chamada do serviço incluirPessoa, com a seguinte mensagem: O CPF informado já existe na base de dados.;{"service":"IntegracaoBancos"}
2024-09-04 08:50:52;error;Erro ao cadastrar cliente: BRUNO LEONARDO DE JESUS MOREIRA => Resultado do cadastro Erro na chamada do serviço incluirPessoa, com a seguinte mensagem: O CPF informado já existe na base de dados.;{"service":"IntegracaoBancos"}
2024-09-04 08:50:52;error;Erro ao cadastrar cliente: LUIZ ALBERTO VERZIGNAZZI => Resultado do cadastro Erro na chamada do serviço incluirPessoa, com a seguinte mensagem: O CPF informado já existe na base de dados.;{"service":"IntegracaoBancos"}
2024-09-04 08:50:53;error;Erro ao cadastrar cliente: MATHEUS AUGUSTO DOS SANTOS SANTANA => Resultado do cadastro Erro na chamada do serviço incluirPessoa, com a seguinte mensagem: O CPF informado já existe na base de dados.;{"service":"IntegracaoBancos"}
2024-09-04 08:50:53;error;Erro ao cadastrar cliente: LUANA SANTOS CASSIANO => Resultado do cadastro Erro na chamada do serviço incluirPessoa, com a seguinte mensagem: O CPF informado já existe na base de dados.;{"service":"IntegracaoBancos"}
2024-09-04 08:50:53;error;Erro ao cadastrar cliente: JACIARA ARAUJO FERNANDES => Resultado do cadastro Erro na chamada do serviço incluirPessoa, com a seguinte mensagem: O CPF informado já existe na base de dados.;{"service":"IntegracaoBancos"}
2024-09-04 08:50:54;error;Erro ao cadastrar cliente: AURICELIA VIEIRA CARDOSO => Resultado do cadastro Erro na chamada do serviço incluirPessoa, com a seguinte mensagem: O CNPJ informado já existe na base de dados.;{"service":"IntegracaoBancos"}
2024-09-04 08:50:54;error;Erro ao cadastrar cliente: AURICELIA VIEIRA CARDOSO => Resultado do cadastro Erro na chamada do serviço incluirPessoa, com a seguinte mensagem: O CPF informado já existe na base de dados.;{"service":"IntegracaoBancos"}
2024-09-04 08:50:54;error;Erro ao cadastrar cliente: DAYANE ELLE COSTA SOUSA FAGOTTI => Resultado do cadastro Erro na chamada do serviço incluirPessoa, com a seguinte mensagem: O CPF informado já existe na base de dados.;{"service":"IntegracaoBancos"}
2024-09-04 08:50:55;error;Erro ao cadastrar cliente: RAFAEL FAGOTTI MATOS => Resultado do cadastro Erro na chamada do serviço incluirPessoa, com a seguinte mensagem: O CPF informado já existe na base de dados.;{"service":"IntegracaoBancos"}
2024-09-04 08:51:19;error;Erro ao cadastrar cliente: MATHEUS MARQUES FERREIRA => Resultado do cadastro Erro na chamada do serviço incluirPessoa, com a seguinte mensagem: O CPF informado já existe na base de dados.;{"service":"IntegracaoBancos"}
2024-09-04 08:51:37;error;Erro ao cadastrar cliente: MANOEL VILELA DE OLIVEIRA => Resultado do cadastro Erro na chamada do serviço incluirPessoa, com a seguinte mensagem: O CPF informado já existe na base de dados.;{"service":"IntegracaoBancos"}
2024-09-04 08:51:37;error;Erro ao cadastrar cliente: HILVANY MELO DE SOUZA => Resultado do cadastro Erro na chamada do serviço incluirPessoa, com a seguinte mensagem: O CPF informado já existe na base de dados.;{"service":"IntegracaoBancos"}
2024-09-04 08:51:38;error;Erro ao cadastrar cliente: LUCAS CAMPOS NEVES => Resultado do cadastro Erro na chamada do serviço incluirPessoa, com a seguinte mensagem: O CPF informado já existe na base de dados.;{"service":"IntegracaoBancos"}
2024-09-04 08:52:15;error;Erro ao cadastrar cliente: DEBORA ALVES DA SILVA => Resultado do cadastro Erro na chamada do serviço incluirPessoa, com a seguinte mensagem: O CPF informado já existe na base de dados.;{"service":"IntegracaoBancos"}
2024-09-04 08:52:15;error;Erro ao cadastrar cliente: NADIR RODRIGUES DE LIMA => Resultado do cadastro Erro na chamada do serviço incluirPessoa, com a seguinte mensagem: O CPF informado já existe na base de dados.;{"service":"IntegracaoBancos"}
2024-09-04 09:00:16;error;Erro ao atualizar cliente: ANTONIA LOIOLA SILVA com o cnpj 53511794153 SS=> Resultado do cadastro Erro na chamada do serviço alterarPessoa, com a seguinte mensagem: javax.transaction.RollbackException: ARJUNA016053: Could not commit transaction.;{"service":"IntegracaoBancos"}
2024-09-04 09:00:16;error;Erro ao atualizar cliente: RONALD DOS SANTOS GOMES com o cnpj 06255703169 SS=> Resultado do cadastro Erro na chamada do serviço alterarPessoa, com a seguinte mensagem: javax.transaction.RollbackException: ARJUNA016053: Could not commit transaction.;{"service":"IntegracaoBancos"}
2024-09-04 09:00:16;error;Erro ao atualizar cliente: ELIZABETE ALVES DE ALMEIDA SILVA com o cnpj 54598290110 SS=> Resultado do cadastro Erro na chamada do serviço alterarPessoa, com a seguinte mensagem: javax.transaction.RollbackException: ARJUNA016053: Could not commit transaction.;{"service":"IntegracaoBancos"}
2024-09-04 09:00:16;error;Erro ao atualizar cliente: CINTIA MARA DE LARA com o cnpj 01671719921 SS=> Resultado do cadastro Erro na chamada do serviço alterarPessoa, com a seguinte mensagem: javax.transaction.RollbackException: ARJUNA016053: Could not commit transaction.;{"service":"IntegracaoBancos"}
2024-09-04 09:00:16;error;Erro ao atualizar cliente: MARIA EDITH COSTA GOMES com o cnpj 36937498000160 SS=> Resultado do cadastro Erro na chamada do serviço alterarPessoa, com a seguinte mensagem: javax.transaction.RollbackException: ARJUNA016053: Could not commit transaction.;{"service":"IntegracaoBancos"}
2024-09-04 09:00:17;error;Erro ao atualizar cliente: MARIA EDITH COSTA GOMES com o cnpj 12524565300 SS=> Resultado do cadastro Erro na chamada do serviço alterarPessoa, com a seguinte mensagem: javax.transaction.RollbackException: ARJUNA016053: Could not commit transaction.;{"service":"IntegracaoBancos"}
2024-09-04 09:00:17;error;Erro ao enviar Contato: => Resultado do cadastro {
  status: 500,
  message: 'java.lang.IllegalArgumentException: Código do cliente e número sequencial não foram localizados na tabela t400fcon.'
};{"service":"IntegracaoBancos"}
2024-09-04 09:00:18;error;Erro ao enviar Contato: => Resultado do cadastro {
  status: 500,
  message: 'java.lang.IllegalArgumentException: Código do cliente e número sequencial não foram localizados na tabela t400fcon.'
};{"service":"IntegracaoBancos"}
2024-09-04 09:00:18;error;Erro ao enviar Contato: => Resultado do cadastro {
  status: 500,
  message: 'java.lang.IllegalArgumentException: Código do cliente e número sequencial não foram localizados na tabela t400fcon.'
};{"service":"IntegracaoBancos"}
2024-09-04 09:00:19;error;Erro ao enviar mãe: {
  codigoCliente: 1039230,
  siglaRelacionamento: 'MAE',
  nomeParente: null,
  parentePoliticamenteExposto: false
} => Resultado do cadastro Erro na chamada do serviço Alterar Parentesco, com a seguinte mensagem: java.lang.IllegalArgumentException: Código do cliente e sigla do relacionamento informados não foram localizados na tabela t400pare.;{"service":"IntegracaoBancos"}
2024-09-04 09:00:20;error;Erro ao enviar Pai: {
  codigoCliente: 1039230,
  siglaRelacionamento: 'PAI',
  nomeParente: null,
  parentePoliticamenteExposto: false
} => Resultado do cadastro Erro na chamada do serviço Alterar Parentesco, com a seguinte mensagem: java.lang.IllegalArgumentException: Código do cliente e sigla do relacionamento informados não foram localizados na tabela t400pare.;{"service":"IntegracaoBancos"}
2024-09-04 09:00:20;error;Erro ao enviar Pai: {
  codigoCliente: 1006400,
  cpfParente: '',
  siglaRelacionamento: 'CONJUGE',
  nomeParente: null,
  parentePoliticamenteExposto: false
} => Resultado do cadastro Erro na chamada do serviço Alterar Parentesco, com a seguinte mensagem: java.lang.IllegalArgumentException: Código do cliente e sigla do relacionamento informados não foram localizados na tabela t400pare.;{"service":"IntegracaoBancos"}
2024-09-04 09:00:20;error;Erro ao enviar Pai: {
  codigoCliente: 1039201,
  cpfParente: '',
  siglaRelacionamento: 'CONJUGE',
  nomeParente: null,
  parentePoliticamenteExposto: false
} => Resultado do cadastro Erro na chamada do serviço Alterar Parentesco, com a seguinte mensagem: java.lang.IllegalArgumentException: Código do cliente e sigla do relacionamento informados não foram localizados na tabela t400pare.;{"service":"IntegracaoBancos"}
2024-09-04 09:00:20;error;Erro ao enviar Pai: {
  codigoCliente: 1039385,
  cpfParente: '',
  siglaRelacionamento: 'CONJUGE',
  nomeParente: null,
  parentePoliticamenteExposto: false
} => Resultado do cadastro Erro na chamada do serviço Alterar Parentesco, com a seguinte mensagem: java.lang.IllegalArgumentException: Código do cliente e sigla do relacionamento informados não foram localizados na tabela t400pare.;{"service":"IntegracaoBancos"}
2024-09-04 09:00:20;error;Erro ao enviar Pai: {
  codigoCliente: 1039230,
  cpfParente: '',
  siglaRelacionamento: 'CONJUGE',
  nomeParente: null,
  parentePoliticamenteExposto: false
} => Resultado do cadastro Erro na chamada do serviço Alterar Parentesco, com a seguinte mensagem: java.lang.IllegalArgumentException: Código do cliente e sigla do relacionamento informados não foram localizados na tabela t400pare.;{"service":"IntegracaoBancos"}
2024-09-04 09:00:59;error;Erro ao atualizar cliente: BENEDITO DOMINGOS PEREIRA com o cnpj 15281519000162 SS=> Resultado do cadastro Erro na chamada do serviço alterarPessoa, com a seguinte mensagem: javax.transaction.RollbackException: ARJUNA016053: Could not commit transaction.;{"service":"IntegracaoBancos"}
2024-09-04 09:00:59;error;Erro ao atualizar cliente: BENEDITO DOMINGOS PEREIRA com o cnpj 17882982172 SS=> Resultado do cadastro Erro na chamada do serviço alterarPessoa, com a seguinte mensagem: javax.transaction.RollbackException: ARJUNA016053: Could not commit transaction.;{"service":"IntegracaoBancos"}
2024-09-04 09:01:00;error;Erro ao atualizar cliente: MICHELE FERNANDA DO VALLE FEITOZA BERALDO com o cnpj 98787926172 SS=> Resultado do cadastro Erro na chamada do serviço alterarPessoa, com a seguinte mensagem: javax.transaction.RollbackException: ARJUNA016053: Could not commit transaction.;{"service":"IntegracaoBancos"}
2024-09-04 09:01:01;error;Erro ao atualizar cliente: SIMONE APARECIDA DA SILVA com o cnpj 11432230808 SS=> Resultado do cadastro Erro na chamada do serviço alterarPessoa, com a seguinte mensagem: javax.transaction.RollbackException: ARJUNA016053: Could not commit transaction.;{"service":"IntegracaoBancos"}
2024-09-04 09:01:01;error;Erro ao atualizar cliente: ADELIA FEIFERBERG com o cnpj 92265146153 SS=> Resultado do cadastro Erro na chamada do serviço alterarPessoa, com a seguinte mensagem: javax.transaction.RollbackException: ARJUNA016053: Could not commit transaction.;{"service":"IntegracaoBancos"}
2024-09-04 09:01:01;error;Erro ao atualizar cliente: ITAENIA FIGUEIREDO DE OLIVEIRA VASCONCELOS com o cnpj 87685086549 SS=> Resultado do cadastro Erro na chamada do serviço alterarPessoa, com a seguinte mensagem: javax.transaction.RollbackException: ARJUNA016053: Could not commit transaction.;{"service":"IntegracaoBancos"}
2024-09-04 09:01:01;error;Erro ao atualizar cliente: CAMILA VEDOVETO DE SOUSA com o cnpj 02652683110 SS=> Resultado do cadastro Erro na chamada do serviço alterarPessoa, com a seguinte mensagem: javax.transaction.RollbackException: ARJUNA016053: Could not commit transaction.;{"service":"IntegracaoBancos"}
2024-09-04 09:01:01;error;Erro ao atualizar cliente: ALAN SILVA MUSSULI com o cnpj 04180155117 SS=> Resultado do cadastro Erro na chamada do serviço alterarPessoa, com a seguinte mensagem: javax.transaction.RollbackException: ARJUNA016053: Could not commit transaction.;{"service":"IntegracaoBancos"}
2024-09-04 09:01:02;error;Erro ao enviar Contato: => Resultado do cadastro {
  status: 500,
  message: 'java.lang.IllegalArgumentException: Código do cliente e número sequencial não foram localizados na tabela t400fcon.'
};{"service":"IntegracaoBancos"}
2024-09-04 09:01:03;error;Erro ao enviar Contato: => Resultado do cadastro {
  status: 500,
  message: 'java.lang.IllegalArgumentException: Código do cliente e número sequencial não foram localizados na tabela t400fcon.'
};{"service":"IntegracaoBancos"}
2024-09-04 09:01:03;error;Erro ao enviar Contato: => Resultado do cadastro {
  status: 500,
  message: 'java.lang.IllegalArgumentException: Código do cliente e número sequencial não foram localizados na tabela t400fcon.'
};{"service":"IntegracaoBancos"}
2024-09-04 09:01:05;error;Erro ao enviar mãe: {
  codigoCliente: 1034345,
  siglaRelacionamento: 'MAE',
  nomeParente: null,
  parentePoliticamenteExposto: false
} => Resultado do cadastro Erro na chamada do serviço Alterar Parentesco, com a seguinte mensagem: java.lang.IllegalArgumentException: Código do cliente e sigla do relacionamento informados não foram localizados na tabela t400pare.;{"service":"IntegracaoBancos"}
2024-09-04 09:01:06;error;Erro ao enviar Pai: {
  codigoCliente: 1034345,
  siglaRelacionamento: 'PAI',
  nomeParente: null,
  parentePoliticamenteExposto: false
} => Resultado do cadastro Erro na chamada do serviço Alterar Parentesco, com a seguinte mensagem: java.lang.IllegalArgumentException: Código do cliente e sigla do relacionamento informados não foram localizados na tabela t400pare.;{"service":"IntegracaoBancos"}
2024-09-04 09:01:07;error;Erro ao enviar Pai: {
  codigoCliente: 1034345,
  cpfParente: '',
  siglaRelacionamento: 'CONJUGE',
  nomeParente: null,
  parentePoliticamenteExposto: false
} => Resultado do cadastro Erro na chamada do serviço Alterar Parentesco, com a seguinte mensagem: java.lang.IllegalArgumentException: Código do cliente e sigla do relacionamento informados não foram localizados na tabela t400pare.;{"service":"IntegracaoBancos"}
2024-09-04 09:01:07;error;Erro ao enviar Pai: {
  codigoCliente: 1034350,
  cpfParente: '',
  siglaRelacionamento: 'CONJUGE',
  nomeParente: null,
  parentePoliticamenteExposto: false
} => Resultado do cadastro Erro na chamada do serviço Alterar Parentesco, com a seguinte mensagem: java.lang.IllegalArgumentException: Código do cliente e sigla do relacionamento informados não foram localizados na tabela t400pare.;{"service":"IntegracaoBancos"}
2024-09-04 09:01:07;error;Erro ao enviar Pai: {
  codigoCliente: 1039207,
  cpfParente: '',
  siglaRelacionamento: 'CONJUGE',
  nomeParente: null,
  parentePoliticamenteExposto: false
} => Resultado do cadastro Erro na chamada do serviço Alterar Parentesco, com a seguinte mensagem: java.lang.IllegalArgumentException: Código do cliente e sigla do relacionamento informados não foram localizados na tabela t400pare.;{"service":"IntegracaoBancos"}
2024-09-04 09:01:07;error;Erro ao enviar Pai: {
  codigoCliente: 1039210,
  cpfParente: '01619647109',
  siglaRelacionamento: 'CONJUGE',
  nomeParente: 'FRANCISCO SILVA',
  parentePoliticamenteExposto: false
} => Resultado do cadastro Erro na chamada do serviço Alterar Parentesco, com a seguinte mensagem: java.lang.IllegalArgumentException: Código do cliente e sigla do relacionamento informados não foram localizados na tabela t400pare.;{"service":"IntegracaoBancos"}
2024-09-04 09:01:07;error;Erro ao enviar Pai: {
  codigoCliente: 1026415,
  cpfParente: '',
  siglaRelacionamento: 'CONJUGE',
  nomeParente: null,
  parentePoliticamenteExposto: false
} => Resultado do cadastro Erro na chamada do serviço Alterar Parentesco, com a seguinte mensagem: java.lang.IllegalArgumentException: Código do cliente e sigla do relacionamento informados não foram localizados na tabela t400pare.;{"service":"IntegracaoBancos"}
2024-09-04 09:01:07;error;Erro ao enviar Pai: {
  codigoCliente: 1039234,
  cpfParente: '',
  siglaRelacionamento: 'CONJUGE',
  nomeParente: null,
  parentePoliticamenteExposto: false
} => Resultado do cadastro Erro na chamada do serviço Alterar Parentesco, com a seguinte mensagem: java.lang.IllegalArgumentException: Código do cliente e sigla do relacionamento informados não foram localizados na tabela t400pare.;{"service":"IntegracaoBancos"}
2024-09-04 09:01:52;error;Erro ao cadastrar cliente: VANDECLEIA PROCHNOW => Resultado do cadastro Erro na chamada do serviço incluirPessoa, com a seguinte mensagem: O CPF informado já existe na base de dados.;{"service":"IntegracaoBancos"}
2024-09-04 09:01:52;error;Erro ao cadastrar cliente: ADEMIR CANDIDO => Resultado do cadastro Erro na chamada do serviço incluirPessoa, com a seguinte mensagem: O CPF informado já existe na base de dados.;{"service":"IntegracaoBancos"}
2024-09-04 09:01:52;error;Erro ao cadastrar cliente: RONY MOREIRA CAMPOS => Resultado do cadastro Erro na chamada do serviço incluirPessoa, com a seguinte mensagem: O CPF informado já existe na base de dados.;{"service":"IntegracaoBancos"}
